### Custom WaveView ADV log file, revision L-2016.06-SP2 (build Nov 14, ) ###
### created at 14:17:05 on Tue Mar 21 2017 (Linux AMD64) ###
### Host Name: localhost.localdomain   User ID: townleym   PID: 5378   ###
wv_start_log
# (0) running in waveview only mode
# (0) SW_SX_PERL_LIB defined
# (0) SW_SX_TCL_LIB defined
# (0) HOME defined
wv_move_window CustomWaveView 0 0
wv_resize_window CustomWaveView 800 400
wv_move_window CustomWaveView 794 419
wv_move_window CustomWaveView 331 113
wv_resize_window CustomWaveView 900 550
sx_open_sim_file_read {yzdet_8_bench.tr0}
wv_select_tree_item MainWindow.hierview {D0:yzdet_8_bench.tr0}
wv_expand_tree_item MainWindow.hierview {D0:yzdet_8_bench.tr0}
wv_select_tree_item MainWindow.hierview {D0:yzdet_8_bench.tr0}
wv_select_tree_item MainWindow.hierview {D0:yzdet_8_bench.tr0/toplevel}
wv_select_list_item MainWindow.sigview i(vdd)
wv_select_list_item MainWindow.sigview v(a_0_)
wv_drag_list_item MainWindow.sigview v(a_0_)
wv_drag_enter WV1
wv_drop_on WV1
wv_select_list_item MainWindow.sigview v(a_1_)
wv_drag_list_item MainWindow.sigview v(a_1_)
wv_drag_enter WV1
wv_drag_to WV1 2 291
wv_drop_on WV1
wv_horz_scroll MainWindow.sigview 112
wv_select_list_item MainWindow.sigview v(zero)
wv_drag_list_item MainWindow.sigview v(zero)
wv_drag_enter WV1
wv_drag_to WV1 2 320
wv_horz_scroll MainWindow.sigview 140
wv_drop_on WV1
wv_release_wv_item WV1 166 435
wv_horz_scroll MainWindow.sigview 0
wv_select_list_item MainWindow.sigview i(vdd)
wv_drag_list_item MainWindow.sigview i(vdd)
wv_drag_enter WV1
wv_drag_to WV1 22 243
wv_drop_on WV1
wv_select_list_item MainWindow.sigview i(vdd2)
wv_drag_list_item MainWindow.sigview i(vdd2)
wv_drag_enter WV1
wv_drag_to WV1 4 265
wv_drop_on WV1
wv_select_wv_item WV1.LEGEND.HSLIDER 77 441
wv_release_wv_item WV1 77 441
wv_release_wv_item WV1 77 441
wv_release_wv_item WV1 264 441
wv_select_wv_item WV1.PANEL1:1.LEGEND
wv_select_panel WV1.PANEL1:1.LEGEND
wv_select_wv_item WV1.PANEL1:1.LEGEND
wv_select_panel WV1.PANEL1:1.LEGEND
wv_select_wv_item WV1.PANEL1:1.LEGEND
wv_select_panel WV1.PANEL1:1.LEGEND
wv_waveview_context_menu WV1.PANEL1:1.LINE4
wv_select_context_menu_item {Delete Panel}
wv_move_dialog Confirmation 693 370
wv_select_dialog Confirmation
wv_press_button Confirmation.Ok
wv_select_list_item MainWindow.sigview i(vdd2)
wv_drag_list_item MainWindow.sigview i(vdd2)
wv_drag_enter WV1
wv_drop_on WV1
wv_select_list_item MainWindow.sigview i(vdd)
wv_drag_list_item MainWindow.sigview i(vdd)
wv_drag_enter WV1
wv_drag_to WV1 6 272
wv_drop_on WV1
wv_move_window CustomWaveView -3 31
wv_resize_window CustomWaveView 1600 791
wv_select_wv_item WV1.PANEL1:1.LEGEND
wv_select_panel WV1.PANEL1:1.LEGEND
wv_select_wv_item WV1.PANEL1:1.LEGEND
wv_select_panel WV1.PANEL1:1.LEGEND
wv_select_wv_item WV1.PANEL1:1.LEGEND
wv_select_panel WV1.PANEL1:1.LEGEND
wv_waveview_context_menu WV1.PANEL1:1.LINE1
wv_select_context_menu_item {Delete Panel}
wv_move_dialog Confirmation 709 408
wv_select_dialog Confirmation
wv_press_button Confirmation.Ok
wv_select_list_item MainWindow.sigview i(vdd)
wv_drag_list_item MainWindow.sigview i(vdd)
wv_drag_enter WV1
wv_drop_on WV1
wv_horz_scroll MainWindow.sigview 0
wv_select_panel WV1.PANEL1:1 6.59983e-09 -0.000598549
wv_select_panel WV1.PANEL1:1 5.65998e-09 -0.000942616
wv_waveview_context_menu WV1.PANEL1:1 5.65998e-09 -0.000942616
wv_select_toolbar_item {Equation Builder}
wv_select_tab UCD.CalTab 0
wv_select_tab UCD.FTTab 0
wv_select_tab UCD.MSTab 0
wv_move_dialog EquationBuilder 489 348
wv_select_dialog EquationBuilder
wv_resize_dialog EquationBuilder 627 300
wv_move_dialog EquationBuilder 489 348
wv_select_table_item EquationBuilder.CalStack 0 1
wv_move_dialog UCD 580 444
wv_select_dialog UCD
wv_select_dialog EquationBuilder
wv_select_dialog UCD
wv_set_text EquationBuilder.edit {}
wv_select_tab UCD.FTTab 1
wv_select_tab UCD.FTTab 2
wv_select_tab UCD.FTTab 3
wv_select_tab UCD.FTTab 4
wv_select_tab UCD.FTTab 3
wv_select_tab UCD.FTTab 2
wv_select_tab UCD.FTTab 1
wv_select_tab UCD.FTTab 2
wv_select_list_item UCD.WfmFct integral
wv_set_text UCD.Arg1 {i(vdd)}
wv_press_button UCD.Add
wv_select_dialog EquationBuilder
wv_move_dialog EquationBuilder 499 343
wv_move_dialog UCD 590 439
wv_move_dialog EquationBuilder 505 341
wv_move_dialog UCD 596 437
wv_move_dialog EquationBuilder 513 339
wv_move_dialog UCD 604 435
wv_move_dialog EquationBuilder 519 336
wv_move_dialog UCD 610 432
wv_move_dialog EquationBuilder 525 334
wv_move_dialog UCD 616 430
wv_move_dialog EquationBuilder 529 331
wv_move_dialog UCD 620 427
wv_move_dialog EquationBuilder 530 330
wv_move_dialog UCD 621 426
wv_move_dialog EquationBuilder 532 329
wv_move_dialog UCD 623 425
wv_move_dialog EquationBuilder 534 328
wv_move_dialog UCD 625 424
wv_move_dialog EquationBuilder 552 309
wv_move_dialog UCD 643 405
wv_move_dialog EquationBuilder 552 307
wv_move_dialog UCD 643 403
wv_move_dialog EquationBuilder 553 306
wv_move_dialog UCD 644 402
wv_move_dialog EquationBuilder 555 304
wv_move_dialog UCD 646 400
wv_move_dialog EquationBuilder 557 302
wv_move_dialog UCD 648 398
wv_move_dialog EquationBuilder 561 296
wv_move_dialog UCD 652 392
wv_move_dialog EquationBuilder 565 292
wv_move_dialog UCD 660 383
wv_move_dialog EquationBuilder 569 287
wv_move_dialog UCD 666 377
wv_move_dialog EquationBuilder 575 281
wv_move_dialog EquationBuilder 581 275
wv_move_dialog UCD 672 371
wv_move_dialog EquationBuilder 586 269
wv_move_dialog UCD 677 365
wv_move_dialog EquationBuilder 592 265
wv_move_dialog UCD 683 361
wv_move_dialog EquationBuilder 596 261
wv_move_dialog UCD 687 357
wv_move_dialog EquationBuilder 601 257
wv_move_dialog UCD 692 353
wv_move_dialog EquationBuilder 605 253
wv_move_dialog UCD 696 349
wv_move_dialog EquationBuilder 606 248
wv_move_dialog UCD 697 344
wv_move_dialog EquationBuilder 610 244
wv_move_dialog UCD 701 340
wv_move_dialog EquationBuilder 615 240
wv_move_dialog UCD 706 336
wv_move_dialog EquationBuilder 619 236
wv_move_dialog UCD 710 332
wv_move_dialog EquationBuilder 620 232
wv_move_dialog UCD 711 328
wv_move_dialog EquationBuilder 621 231
wv_move_dialog UCD 712 327
wv_move_dialog EquationBuilder 621 230
wv_move_dialog UCD 712 324
wv_move_dialog EquationBuilder 621 228
wv_move_dialog EquationBuilder 621 227
wv_move_dialog UCD 712 323
wv_move_dialog EquationBuilder 622 226
wv_move_dialog UCD 713 322
wv_move_dialog EquationBuilder 622 225
wv_move_dialog UCD 713 321
wv_move_dialog EquationBuilder 622 223
wv_move_dialog UCD 713 319
wv_move_dialog EquationBuilder 622 222
wv_move_dialog UCD 713 317
wv_move_dialog EquationBuilder 622 220
wv_move_dialog UCD 713 316
wv_move_dialog EquationBuilder 620 219
wv_move_dialog UCD 711 315
wv_move_dialog EquationBuilder 618 220
wv_move_dialog UCD 709 316
wv_move_dialog EquationBuilder 615 222
wv_move_dialog UCD 706 318
wv_move_dialog EquationBuilder 613 222
wv_move_dialog UCD 703 319
wv_move_dialog EquationBuilder 612 223
wv_move_dialog UCD 701 319
wv_move_dialog EquationBuilder 610 223
wv_move_dialog EquationBuilder 608 224
wv_move_dialog UCD 699 320
wv_move_dialog EquationBuilder 607 224
wv_move_dialog UCD 698 320
wv_move_dialog EquationBuilder 605 224
wv_move_dialog UCD 696 320
wv_move_dialog EquationBuilder 604 224
wv_move_dialog UCD 695 320
wv_move_dialog EquationBuilder 603 224
wv_move_dialog UCD 694 320
wv_move_dialog EquationBuilder 602 225
wv_move_dialog UCD 693 321
wv_move_dialog EquationBuilder 600 225
wv_move_dialog UCD 691 321
wv_move_dialog EquationBuilder 598 226
wv_move_dialog UCD 689 322
wv_move_dialog EquationBuilder 597 227
wv_move_dialog UCD 688 323
wv_move_dialog EquationBuilder 595 227
wv_move_dialog UCD 685 324
wv_move_dialog EquationBuilder 594 228
wv_move_dialog UCD 684 324
wv_move_dialog EquationBuilder 593 228
wv_move_dialog UCD 683 325
wv_move_dialog EquationBuilder 592 229
wv_set_text EquationBuilder.edit {integral('i(vdd)')}
wv_select_dialog UCD
wv_select_dialog EquationBuilder
wv_select_dialog UCD
wv_set_text EquationBuilder.edit {integral('i(vdd)')}
wv_press_button UCD.Add
wv_select_dialog EquationBuilder
wv_select_dialog UCD
wv_set_text EquationBuilder.edit {integral('i(vdd)')integral('i(vdd)')}
wv_press_button UCD.OK
wv_select_dialog EquationBuilder
wv_select_dialog EquationBuilder
wv_select_table_item EquationBuilder.CalStack 0 1
wv_move_dialog UCD 683 325
wv_select_dialog UCD
wv_select_dialog EquationBuilder
wv_select_dialog UCD
wv_set_text EquationBuilder.edit {integral('i(vdd)')}
wv_press_button UCD.OK
wv_press_button EquationBuilder.Update
wv_move_dialog EquationBuilder 623 233
wv_move_dialog EquationBuilder 654 233
wv_move_dialog EquationBuilder 681 233
wv_move_dialog EquationBuilder 708 233
wv_move_dialog EquationBuilder 733 233
wv_move_dialog EquationBuilder 756 233
wv_move_dialog EquationBuilder 773 233
wv_move_dialog EquationBuilder 784 233
wv_move_dialog EquationBuilder 789 233
wv_select_table_item EquationBuilder.CalStack 0 1
wv_move_dialog UCD 880 329
wv_move_dialog UCD 467 280
wv_select_dialog UCD
wv_move_dialog UCD 880 329
wv_select_dialog EquationBuilder
wv_select_dialog UCD
wv_set_text EquationBuilder.edit {integral('i(vdd)')}
wv_press_button UCD.OK
wv_press_button EquationBuilder.Update
wv_select_table_item EquationBuilder.CalStack 0 1
wv_move_dialog UCD 880 329
wv_move_dialog UCD 467 280
wv_select_dialog UCD
wv_move_dialog UCD 880 329
wv_select_dialog EquationBuilder
wv_select_dialog UCD
wv_set_text EquationBuilder.edit {integral('i(vdd)')}
wv_press_button UCD.OK
wv_select_table_item EquationBuilder.CalStack 0 1
wv_move_dialog UCD 880 329
wv_move_dialog UCD 467 280
wv_select_dialog UCD
wv_move_dialog UCD 880 329
wv_select_dialog EquationBuilder
wv_select_dialog UCD
wv_set_text EquationBuilder.edit {integral('i(vdd)')}
wv_press_button UCD.OK
wv_press_button EquationBuilder.Update
wv_press_button EquationBuilder.Load
wv_move_dialog FileDialog 594 276
wv_select_dialog FileDialog
wv_move_dialog FileDialog 594 282
wv_set_text FileDialog.FileName {}
wv_close_dialog FileDialog
wv_select_dialog EquationBuilder
wv_close_dialog EquationBuilder
wv_select_tree_item MainWindow.hierview {D0:yzdet_8_bench.tr0/toplevel}
wv_horz_scroll MainWindow.sigview 0
wv_select_tree_item MainWindow.hierview {D0:yzdet_8_bench.tr0/Equations}
wv_select_list_item MainWindow.sigview integral(i(vdd))
wv_select_list_item MainWindow.sigview integral(i(vdd))
wv_select_list_item MainWindow.sigview integral(i(vdd))
wv_select_list_item MainWindow.sigview integral(i(vdd))
wv_dclick_list_item MainWindow.sigview integral(i(vdd))
wv_select_toolbar_item {Equation Builder}
wv_select_tab UCD.CalTab 0
wv_select_tab UCD.FTTab 0
wv_select_tab UCD.MSTab 0
wv_move_dialog EquationBuilder 489 348
wv_select_dialog EquationBuilder
wv_resize_dialog EquationBuilder 627 300
wv_move_dialog EquationBuilder 489 348
wv_select_table_item EquationBuilder.CalStack 0 1
wv_move_dialog UCD 580 444
wv_select_dialog UCD
wv_select_dialog EquationBuilder
wv_select_dialog UCD
wv_set_text EquationBuilder.edit {integral('i(vdd)')}
wv_press_button UCD.OK
wv_select_table_item EquationBuilder.CalStack 1 1
wv_move_dialog UCD 580 474
wv_select_dialog UCD
wv_select_dialog EquationBuilder
wv_select_dialog UCD
wv_set_text EquationBuilder.edit {}
wv_select_tab UCD.FTTab 2
wv_horz_scroll UCD.WfmFct 0
wv_select_list_item UCD.WfmFct average
wv_set_text UCD.Arg1 {i(vdd)}
wv_press_button UCD.Add
wv_select_dialog EquationBuilder
wv_select_dialog UCD
wv_set_text EquationBuilder.edit {average('i(vdd)')}
wv_press_button UCD.OK
wv_move_dialog EquationBuilder 533 348
wv_move_dialog EquationBuilder 907 329
wv_move_dialog EquationBuilder 912 326
wv_move_dialog EquationBuilder 912 324
wv_move_dialog EquationBuilder 912 319
wv_move_dialog EquationBuilder 912 314
wv_move_dialog EquationBuilder 915 306
wv_move_dialog EquationBuilder 915 296
wv_move_dialog EquationBuilder 915 284
wv_move_dialog EquationBuilder 915 271
wv_move_dialog EquationBuilder 915 259
wv_move_dialog EquationBuilder 915 246
wv_move_dialog EquationBuilder 915 233
wv_move_dialog EquationBuilder 915 221
wv_move_dialog EquationBuilder 915 210
wv_move_dialog EquationBuilder 913 201
wv_move_dialog EquationBuilder 911 192
wv_move_dialog EquationBuilder 911 186
wv_move_dialog EquationBuilder 909 182
wv_move_dialog EquationBuilder 907 178
wv_move_dialog EquationBuilder 906 176
wv_move_dialog EquationBuilder 902 173
wv_move_dialog EquationBuilder 897 167
wv_move_dialog EquationBuilder 888 162
wv_move_dialog EquationBuilder 872 155
wv_move_dialog EquationBuilder 849 148
wv_move_dialog EquationBuilder 814 143
wv_move_dialog EquationBuilder 771 138
wv_move_dialog EquationBuilder 722 133
wv_move_dialog EquationBuilder 669 133
wv_move_dialog EquationBuilder 610 133
wv_move_dialog EquationBuilder 547 133
wv_move_dialog EquationBuilder 482 133
wv_move_dialog EquationBuilder 417 133
wv_move_dialog EquationBuilder 350 133
wv_move_dialog EquationBuilder 285 133
wv_move_dialog EquationBuilder 232 133
wv_move_dialog EquationBuilder 179 133
wv_move_dialog EquationBuilder 142 133
wv_move_dialog EquationBuilder 113 133
wv_move_dialog EquationBuilder 94 133
wv_move_dialog EquationBuilder 87 133
wv_move_dialog EquationBuilder 86 133
wv_move_dialog EquationBuilder 87 131
wv_move_dialog EquationBuilder 88 130
wv_move_dialog EquationBuilder 90 130
wv_move_dialog EquationBuilder 92 128
wv_move_dialog EquationBuilder 93 127
wv_move_dialog EquationBuilder 95 127
wv_move_dialog EquationBuilder 97 125
wv_move_dialog EquationBuilder 98 124
wv_move_dialog EquationBuilder 100 124
wv_move_dialog EquationBuilder 101 123
wv_move_dialog EquationBuilder 103 122
wv_move_dialog EquationBuilder 106 121
wv_move_dialog EquationBuilder 107 120
wv_move_dialog EquationBuilder 109 119
wv_move_dialog EquationBuilder 110 119
wv_move_dialog EquationBuilder 112 118
wv_move_dialog EquationBuilder 115 118
wv_move_dialog EquationBuilder 117 118
wv_move_dialog EquationBuilder 122 118
wv_move_dialog EquationBuilder 130 118
wv_move_dialog EquationBuilder 147 118
wv_move_dialog EquationBuilder 166 118
wv_move_dialog EquationBuilder 189 118
wv_move_dialog EquationBuilder 214 118
wv_move_dialog EquationBuilder 245 118
wv_move_dialog EquationBuilder 280 118
wv_move_dialog EquationBuilder 317 118
wv_move_dialog EquationBuilder 354 118
wv_move_dialog EquationBuilder 389 118
wv_move_dialog EquationBuilder 424 118
wv_move_dialog EquationBuilder 453 118
wv_move_dialog EquationBuilder 474 118
wv_move_dialog EquationBuilder 489 118
wv_move_dialog EquationBuilder 496 118
wv_move_dialog EquationBuilder 498 117
wv_move_dialog EquationBuilder 490 118
wv_move_dialog EquationBuilder 471 124
wv_move_dialog EquationBuilder 446 131
wv_move_dialog EquationBuilder 417 136
wv_move_dialog EquationBuilder 388 141
wv_move_dialog EquationBuilder 359 143
wv_move_dialog EquationBuilder 332 146
wv_move_dialog EquationBuilder 313 146
wv_move_dialog EquationBuilder 302 146
wv_move_dialog EquationBuilder 297 146
wv_move_dialog EquationBuilder 296 147
wv_move_dialog EquationBuilder 296 153
wv_move_dialog EquationBuilder 307 164
wv_move_dialog EquationBuilder 330 179
wv_move_dialog EquationBuilder 357 198
wv_move_dialog EquationBuilder 384 215
wv_move_dialog EquationBuilder 417 234
wv_move_dialog EquationBuilder 450 251
wv_move_dialog EquationBuilder 485 268
wv_move_dialog EquationBuilder 518 285
wv_move_dialog EquationBuilder 551 302
wv_move_dialog EquationBuilder 582 319
wv_move_dialog EquationBuilder 613 332
wv_move_dialog EquationBuilder 638 345
wv_move_dialog EquationBuilder 659 360
wv_move_dialog EquationBuilder 672 371
wv_move_dialog EquationBuilder 685 384
wv_move_dialog EquationBuilder 694 397
wv_move_dialog EquationBuilder 701 410
wv_move_dialog EquationBuilder 706 423
wv_move_dialog EquationBuilder 711 434
wv_move_dialog EquationBuilder 713 445
wv_move_dialog EquationBuilder 713 450
wv_move_dialog EquationBuilder 713 456
wv_move_dialog EquationBuilder 713 458
wv_move_dialog EquationBuilder 713 459
wv_move_dialog EquationBuilder 713 461
wv_move_dialog EquationBuilder 713 462
wv_move_dialog EquationBuilder 713 463
wv_move_dialog EquationBuilder 713 464
wv_move_dialog EquationBuilder 713 466
wv_move_dialog EquationBuilder 713 469
wv_move_dialog EquationBuilder 713 473
wv_move_dialog EquationBuilder 713 478
wv_move_dialog EquationBuilder 713 486
wv_move_dialog EquationBuilder 715 501
wv_move_dialog EquationBuilder 717 519
wv_move_dialog EquationBuilder 720 536
wv_move_dialog EquationBuilder 722 568
wv_move_dialog EquationBuilder 729 586
wv_move_dialog EquationBuilder 736 613
wv_move_dialog EquationBuilder 743 642
wv_move_dialog EquationBuilder 752 671
wv_move_dialog EquationBuilder 757 696
wv_move_dialog EquationBuilder 759 721
wv_move_dialog EquationBuilder 762 746
wv_move_dialog EquationBuilder 762 769
wv_move_dialog EquationBuilder 762 790
wv_move_dialog EquationBuilder 762 809
wv_move_dialog EquationBuilder 762 822
wv_move_dialog EquationBuilder 757 822
wv_move_dialog EquationBuilder 752 822
wv_move_dialog EquationBuilder 745 822
wv_move_dialog EquationBuilder 734 822
wv_move_dialog EquationBuilder 723 822
wv_move_dialog EquationBuilder 708 822
wv_move_dialog EquationBuilder 693 822
wv_move_dialog EquationBuilder 676 822
wv_move_dialog EquationBuilder 659 822
wv_move_dialog EquationBuilder 640 822
wv_move_dialog EquationBuilder 615 822
wv_move_dialog EquationBuilder 590 822
wv_move_dialog EquationBuilder 565 822
wv_move_dialog EquationBuilder 540 822
wv_move_dialog EquationBuilder 513 822
wv_move_dialog EquationBuilder 488 822
wv_move_dialog EquationBuilder 465 822
wv_move_dialog EquationBuilder 442 822
wv_move_dialog EquationBuilder 421 822
wv_move_dialog EquationBuilder 404 822
wv_move_dialog EquationBuilder 389 822
wv_move_dialog EquationBuilder 378 822
wv_move_dialog EquationBuilder 371 822
wv_move_dialog EquationBuilder 370 822
wv_move_dialog EquationBuilder 369 822
wv_move_dialog EquationBuilder 371 822
wv_move_dialog EquationBuilder 379 822
wv_move_dialog EquationBuilder 384 822
wv_move_dialog EquationBuilder 389 822
wv_move_dialog EquationBuilder 398 800
wv_move_dialog EquationBuilder 407 763
wv_move_dialog EquationBuilder 416 724
wv_move_dialog EquationBuilder 425 683
wv_move_dialog EquationBuilder 432 646
wv_move_dialog EquationBuilder 441 613
wv_move_dialog EquationBuilder 450 582
wv_move_dialog EquationBuilder 459 555
wv_move_dialog EquationBuilder 468 534
wv_move_dialog EquationBuilder 473 519
wv_move_dialog EquationBuilder 478 504
wv_move_dialog EquationBuilder 480 497
wv_move_dialog EquationBuilder 482 490
wv_move_dialog EquationBuilder 484 484
wv_move_dialog EquationBuilder 485 482
wv_move_dialog EquationBuilder 485 481
wv_move_dialog EquationBuilder 487 479
wv_move_dialog EquationBuilder 490 476
wv_move_dialog EquationBuilder 494 470
wv_move_dialog EquationBuilder 500 464
wv_move_dialog EquationBuilder 508 454
wv_move_dialog EquationBuilder 518 444
wv_move_dialog EquationBuilder 529 433
wv_move_dialog EquationBuilder 538 418
wv_move_dialog EquationBuilder 549 403
wv_move_dialog EquationBuilder 558 388
wv_move_dialog EquationBuilder 567 373
wv_move_dialog EquationBuilder 574 360
wv_move_dialog EquationBuilder 581 350
wv_move_dialog EquationBuilder 587 337
wv_move_dialog EquationBuilder 589 327
wv_move_dialog EquationBuilder 591 316
wv_move_dialog EquationBuilder 593 305
wv_move_dialog EquationBuilder 596 294
wv_move_dialog EquationBuilder 596 283
wv_move_dialog EquationBuilder 598 274
wv_move_dialog EquationBuilder 600 265
wv_move_dialog EquationBuilder 600 260
wv_move_dialog EquationBuilder 600 253
wv_move_dialog EquationBuilder 600 247
wv_move_dialog EquationBuilder 602 243
wv_move_dialog EquationBuilder 602 242
wv_move_dialog EquationBuilder 602 239
wv_move_dialog EquationBuilder 602 238
wv_move_dialog EquationBuilder 602 237
wv_move_dialog EquationBuilder 602 234
wv_move_dialog EquationBuilder 602 233
wv_move_dialog EquationBuilder 602 229
wv_move_dialog EquationBuilder 602 227
wv_move_dialog EquationBuilder 602 224
wv_move_dialog EquationBuilder 602 222
wv_move_dialog EquationBuilder 602 220
wv_move_dialog EquationBuilder 602 219
wv_move_dialog EquationBuilder 602 218
wv_move_dialog EquationBuilder 602 217
wv_press_button EquationBuilder.Dbtn1
wv_close_dialog EquationBuilder
wv_select_wv_item WV1.PANEL3:1.LEGEND
wv_select_panel WV1.PANEL3:1.LEGEND
wv_waveview_context_menu WV1.PANEL3:1.LEGEND
wv_select_context_menu_item {Delete Panel}
wv_move_dialog Confirmation 709 408
wv_select_dialog Confirmation
wv_press_button Confirmation.Ok
wv_select_toolbar_item {Equation Builder}
wv_select_tab UCD.CalTab 0
wv_select_tab UCD.FTTab 0
wv_select_tab UCD.MSTab 0
wv_move_dialog EquationBuilder 489 348
wv_select_dialog EquationBuilder
wv_resize_dialog EquationBuilder 627 300
wv_move_dialog EquationBuilder 489 348
wv_select_table_item EquationBuilder.CalStack 1 1
wv_move_dialog UCD 580 474
wv_select_dialog UCD
wv_select_dialog EquationBuilder
wv_select_dialog UCD
wv_set_text EquationBuilder.edit {}
wv_select_tab UCD.FTTab 1
wv_select_list_item UCD.MeasFct integ
wv_horz_scroll UCD.MeasFct 10
wv_select_tab UCD.FTTab 0
wv_select_tab UCD.FTTab 2
wv_horz_scroll UCD.WfmFct 0
wv_select_list_item UCD.WfmFct integral
wv_press_button UCD.Add
wv_select_dialog EquationBuilder
wv_select_dialog UCD
wv_set_text EquationBuilder.edit {integral('i(vdd)')}
wv_press_button UCD.OK
wv_select_table_item EquationBuilder.CalStack 1 1
wv_move_dialog UCD 580 474
wv_select_dialog UCD
wv_select_dialog EquationBuilder
wv_select_dialog UCD
wv_set_text EquationBuilder.edit {integral('i(vdd)')}
wv_press_button UCD.Clear
wv_press_button UCD.OK
wv_select_dialog EquationBuilder
wv_select_dialog EquationBuilder
wv_close_dialog EquationBuilder
wv_select_list_item MainWindow.sigview integral(i(vdd)) -idx 1
wv_sigview_context_menu integral(i(vdd))
wv_waveview_context_menu WV1.PANEL3:1.LEGEND
wv_select_context_menu_item {Delete Panel}
wv_move_dialog Confirmation 709 408
wv_select_dialog Confirmation
wv_press_button Confirmation.Ok
wv_select_panel WV1.PANEL2:1 2.29114e-08 -7.56561e-12
wv_select_wv_item WV1.PANEL1:1.XAXIS1
wv_select_panel WV1.PANEL2:1 2.35171e-08 -7.48883e-12
wv_select_panel WV1.PANEL2:1 2.38722e-08 -7.41204e-12
wv_select_panel WV1.PANEL2:1 2.41437e-08 -7.66799e-12
wv_release_wv_item WV1 1283 652
wv_select_panel WV1.PANEL2:1 2.41228e-08 -7.54002e-12
wv_select_panel WV1.PANEL2:1 1.85046e-08 -4.95492e-12
wv_drag_item_to WV1 1014 546
wv_zoom_x WV1.PANEL2:1 1.85046e-08 2.22431e-08
wv_select_panel WV1.PANEL2:1 2.15627e-08 -5.67158e-12
wv_drag_item_to WV1 1115 576
wv_zoom_x WV1.PANEL2:1 2.15627e-08 2.19587e-08
wv_select_panel WV1.PANEL2:1 2.19276e-08 -6.20908e-12
wv_select_wv_item WV1.ICON.zoomout
wv_release_wv_item WV1 36 14
wv_select_wv_item WV1.ICON.zoomout
wv_release_wv_item WV1 41 14
wv_release_wv_item WV1 41 14
wv_select_wv_item WV1.ICON.zoomout
wv_release_wv_item WV1 41 14
wv_release_wv_item WV1 41 14
wv_select_wv_item WV1.ICON.zoomout
wv_release_wv_item WV1 41 14
wv_release_wv_item WV1 41 14
wv_select_wv_item WV1.ICON.zoomout
wv_release_wv_item WV1 41 14
wv_release_wv_item WV1 41 14
wv_select_wv_item WV1.ICON.zoomout
wv_release_wv_item WV1 41 14
wv_release_wv_item WV1 41 14
wv_select_wv_item WV1.ICON.zoomout
wv_release_wv_item WV1 41 14
wv_release_wv_item WV1 41 14
wv_select_wv_item WV1.ICON.zoomout
wv_release_wv_item WV1 41 14
wv_release_wv_item WV1 41 14
wv_select_wv_item WV1.ICON.unzoom
wv_release_wv_item WV1 52 13
wv_select_panel WV1.PANEL2:1 2.31203e-08 -4.41743e-12
wv_select_panel WV1.PANEL2:1 2.14286e-08 -3.21446e-12
wv_drag_item_to WV1 1152 479
wv_zoom_x WV1.PANEL2:1 2.14286e-08 4.59482e-10
wv_select_wv_item {WV1.ICON.unzoom x}
wv_release_wv_item WV1 73 13
wv_select_wv_item WV1.ICON.unzoom
wv_release_wv_item WV1 51 12
wv_select_wv_item WV1.PANEL1:1.XAXIS1
wv_select_panel WV1.PANEL2:1 2.47076e-08 -7.54002e-12
wv_waveview_context_menu WV1.PANEL2:1 2.45196e-08 -7.30966e-12
wv_select_wv_item WV1.ICON.zoomout
wv_release_wv_item WV1 36 8
wv_select_wv_item {WV1.ICON.unzoom x}
wv_release_wv_item WV1 73 16
wv_select_wv_item {WV1.ICON.add cursor}
wv_release_wv_item WV1 114 15
wv_select_wv_item WV1.PANEL2:1.CURSOR1
wv_drag_item_to WV1 760 385
wv_move_wv_item WV1.PANEL2:1.CURSOR1 1314 440
wv_select_wv_item {WV1.ICON.unzoom y}
wv_release_wv_item WV1 89 14
wv_select_wv_item WV1.PANEL2:1.CURSOR1
wv_drag_item_to WV1 1315 535
wv_move_wv_item WV1.PANEL2:1.CURSOR1 1313 536
wv_select_wv_item WV1.PANEL2:1.CURSOR1
wv_drag_item_to WV1 1317 539
wv_move_wv_item WV1.PANEL2:1.CURSOR1 1322 559
wv_select_waveview 1
wv_select_panel WV1.PANEL2:1 4.30346e-09 -1.474e-12
wv_drag_item_to WV1 392 411
wv_zoom_x WV1.PANEL2:1 4.30346e-09 2.5976e-08
wv_select_wv_item {WV1.ICON.unzoom y}
wv_release_wv_item WV1 90 17
wv_select_wv_item {WV1.ICON.unzoom x}
wv_release_wv_item WV1 69 18
wv_select_waveview 1
wv_select_wv_item WV1.PANEL1:1.LEGEND
wv_select_panel WV1.PANEL1:1.LEGEND
wv_press_key Delete
wv_select_dialog Confirmation
wv_move_dialog Confirmation 709 408
wv_press_button Confirmation.Ok
wv_select_tree_item MainWindow.hierview {D0:yzdet_8_bench.tr0/toplevel}
wv_select_list_item MainWindow.sigview v(a_0_)
wv_drag_list_item MainWindow.sigview v(a_0_)
wv_drag_enter WV1
wv_drag_to WV1 2 212
wv_drag_to WV1 17 164
wv_drop_on WV1
wv_select_list_item MainWindow.sigview v(a_1_)
wv_drag_list_item MainWindow.sigview v(a_1_)
wv_drag_enter WV1
wv_drag_to WV1 28 392
wv_drag_to WV1 177 285
wv_drop_on WV1
wv_horz_scroll MainWindow.sigview 60
wv_horz_scroll MainWindow.sigview 70
wv_horz_scroll MainWindow.sigview 10
wv_horz_scroll MainWindow.sigview 0
wv_select_list_item MainWindow.sigview v(zero)
wv_drag_list_item MainWindow.sigview v(zero)
wv_drag_enter WV1
wv_drag_to WV1 30 463
wv_drag_to WV1 189 396
wv_drag_to WV1 320 288
wv_horz_scroll MainWindow.sigview 69
wv_drop_on WV1
wv_select_panel WV1.PANEL2:1 1.42857e-08 1.05066e-14
wv_move_wv_item WV1.PANEL2:1.CURSOR1 841 353
wv_select_wv_item WV1.PANEL1:1.CURSOR1
wv_move_wv_item WV1.PANEL1:1.CURSOR1 832 346
wv_select_wv_item WV1.PANEL1:1.LEGEND
wv_drag_item_to WV1 23 347
wv_drag_enter WV1
wv_drag_to WV1 23 351
wv_drop_on WV1
wv_drag_item_to WV1 23 351
wv_select_tree_item MainWindow.hierview {D0:yzdet_8_bench.tr0/Equations}
wv_horz_scroll MainWindow.sigview 0
wv_select_list_item MainWindow.sigview integral(i(vdd)) -idx 0
wv_select_tree_item MainWindow.hierview {D0:yzdet_8_bench.tr0/toplevel}
wv_select_list_item MainWindow.sigview i(vdd)
wv_drag_list_item MainWindow.sigview i(vdd)
wv_drag_list_item MainWindow.sigview i(vdd)
wv_drag_enter WV1
wv_drag_to WV1 3 359
wv_drop_on WV1
wv_select_panel WV1.PANEL2:1 1.31766e-08 -0.00238936
wv_move_wv_item WV1.PANEL2:1.CURSOR1 791 331
wv_select_panel WV1.PANEL2:1 1.67258e-08 -0.00151606
wv_drag_item_to WV1 952 317
wv_zoom_x WV1.PANEL2:1 1.67258e-08 1.75466e-08
wv_select_wv_item WV1.ICON.unzoom
wv_release_wv_item WV1 52 17
wv_select_wv_item WV1.PANEL2:1.LEGEND
wv_select_panel WV1.PANEL2:1.LEGEND
wv_press_key Delete
wv_select_dialog Confirmation
wv_move_dialog Confirmation 709 408
wv_press_button Confirmation.Ok
wv_select_panel WV1.PANEL2:1 1.21783e-08 -4.31505e-12
wv_drag_item_to WV1 747 522
wv_zoom_x WV1.PANEL2:1 1.21783e-08 1.75688e-08
wv_select_panel WV1.PANEL2:1 1.59603e-08 -4.69897e-12
wv_move_wv_item WV1.PANEL2:1.CURSOR1 989 537
wv_select_wv_item {WV1.ICON.unzoom x}
wv_release_wv_item WV1 68 12
