### Custom WaveView ADV log file, revision L-2016.06-SP2 (build Nov 14, ) ###
### created at 13:01:17 on Tue Feb 28 2017 (Linux AMD64) ###
### Host Name: localhost.localdomain   User ID: nessa   PID: 12384   ###
wv_start_log
# (0) running in waveview only mode
# (0) SW_SX_PERL_LIB defined
# (0) SW_SX_TCL_LIB defined
# (0) HOME defined
wv_move_window CustomWaveView 0 0
wv_resize_window CustomWaveView 800 400
wv_move_window CustomWaveView 2157 324
wv_move_window CustomWaveView 337 147
wv_resize_window CustomWaveView 900 550
sx_open_sim_file_read {vcdplus.vpd}
wv_expand_tree_item MainWindow.hierview {D0:vcdplus.vpd}
wv_select_tree_item MainWindow.hierview {D0:vcdplus.vpd}
wv_expand_tree_item MainWindow.hierview {D0:vcdplus.vpd/decoder_bench}
wv_select_tree_item MainWindow.hierview {D0:vcdplus.vpd/decoder_bench}
wv_select_tree_item MainWindow.hierview {D0:vcdplus.vpd/decoder_bench/DUV}
wv_dclick_tree_item MainWindow.hierview {D0:vcdplus.vpd/decoder_bench/DUV}
wv_select_list_item MainWindow.sigview {a[1:0]}
wv_drag_list_item MainWindow.sigview {a[1:0]}
wv_drag_enter WV1
wv_drop_on WV1
wv_select_list_item MainWindow.sigview y0
wv_drag_list_item MainWindow.sigview y0
wv_drag_enter WV1
wv_drag_to WV1 12 169
wv_drop_on WV1
wv_select_list_item MainWindow.sigview y1
wv_drag_list_item MainWindow.sigview y1
wv_drag_enter WV1
wv_drag_to WV1 20 241
wv_drag_to WV1 344 80
wv_drag_to WV1 345 81
wv_drop_on WV1
wv_select_list_item MainWindow.sigview y2
wv_drag_list_item MainWindow.sigview y2
wv_drag_enter WV1
wv_drag_to WV1 13 285
wv_drop_on WV1
wv_select_list_item MainWindow.sigview y3
wv_drag_list_item MainWindow.sigview y3
wv_drag_enter WV1
wv_drag_to WV1 17 329
wv_drop_on WV1
wv_move_window CustomWaveView -3 31
wv_resize_window CustomWaveView 1600 791
wv_release_wv_item WV1 92 578
wv_select_wv_item WV1.LEGEND.WIDTH
wv_drag_item_to WV1 84 589
wv_move_wv_item WV1.PANEL1:1.LEGEND.WIDTH 112
wv_select_wv_item WV1.LEGEND.WIDTH
wv_drag_item_to WV1 111 600
wv_move_wv_item WV1.PANEL1:1.LEGEND.WIDTH 184
wv_select_wv_item WV1.LEGEND.WIDTH
wv_drag_item_to WV1 184 626
wv_move_wv_item WV1.PANEL1:1.LEGEND.WIDTH 228
wv_select_wv_item WV1.LEGEND.WIDTH
wv_drag_item_to WV1 229 635
wv_move_wv_item WV1.PANEL1:1.LEGEND.WIDTH 300
wv_select_wv_item WV1.LEGEND.WIDTH
wv_drag_item_to WV1 296 597
wv_move_wv_item WV1.PANEL1:1.LEGEND.WIDTH 253
wv_select_panel WV1.PANEL1:1 4.87805e-11 -inf
wv_select_wv_item {WV1.ICON.unzoom x}
wv_release_wv_item WV1 71 11
wv_select_wv_item {WV1.ICON.unzoom x}
wv_release_wv_item WV1 74 10
wv_release_wv_item WV1 1143 680
wv_select_wv_item WV1.ICON.unzoom
wv_release_wv_item WV1 57 16
wv_close_window CustomWaveView
wv_move_dialog Confirmation 706 374
wv_select_dialog Confirmation
wv_move_dialog Confirmation 709 408
# wv_press_button Confirmation.Ok
