### Custom WaveView ADV log file, revision L-2016.06-SP2 (build Nov 14, ) ###
### created at 14:32:31 on Tue Mar 21 2017 (Linux AMD64) ###
### Host Name: localhost.localdomain   User ID: townleym   PID: 5604   ###
wv_start_log
# (0) running in waveview only mode
# (0) SW_SX_PERL_LIB defined
# (0) SW_SX_TCL_LIB defined
# (0) HOME defined
wv_move_window CustomWaveView 0 0
wv_resize_window CustomWaveView 800 400
wv_move_window CustomWaveView 2157 324
wv_move_window CustomWaveView 331 113
wv_resize_window CustomWaveView 900 550
sx_open_sim_file_read {yzdet_8_bench.tr0}
wv_move_window CustomWaveView 352 127
wv_move_window CustomWaveView 369 138
wv_move_window CustomWaveView 392 151
wv_move_window CustomWaveView 435 172
wv_move_window CustomWaveView 494 191
wv_move_window CustomWaveView 559 210
wv_move_window CustomWaveView 624 223
wv_move_window CustomWaveView 694 234
wv_move_window CustomWaveView 746 239
wv_move_window CustomWaveView 811 239
wv_move_window CustomWaveView 878 239
wv_move_window CustomWaveView 943 239
wv_move_window CustomWaveView 1012 239
wv_move_window CustomWaveView 1081 239
wv_move_window CustomWaveView 1140 234
wv_move_window CustomWaveView 1195 223
wv_move_window CustomWaveView 1244 206
wv_move_window CustomWaveView 1275 189
wv_move_window CustomWaveView 1304 166
wv_move_window CustomWaveView 1325 141
wv_move_window CustomWaveView 1336 114
wv_move_window CustomWaveView 1347 81
wv_move_window CustomWaveView 1358 48
wv_move_window CustomWaveView 1369 31
wv_move_window CustomWaveView 1597 0
wv_resize_window CustomWaveView 1920 1051
wv_select_tree_item MainWindow.hierview {D0:yzdet_8_bench.tr0}
wv_expand_tree_item MainWindow.hierview {D0:yzdet_8_bench.tr0}
wv_select_tree_item MainWindow.hierview {D0:yzdet_8_bench.tr0}
wv_select_tree_item MainWindow.hierview {D0:yzdet_8_bench.tr0/toplevel}
wv_select_list_item MainWindow.sigview v(a_0_)
wv_drag_list_item MainWindow.sigview v(a_0_)
wv_drag_enter WV1
wv_drop_on WV1
wv_select_list_item MainWindow.sigview v(a_1_)
wv_drag_list_item MainWindow.sigview v(a_1_)
wv_drag_enter WV1
wv_drag_to WV1 47 570
wv_drop_on WV1
wv_select_list_item MainWindow.sigview v(zero)
wv_drag_list_item MainWindow.sigview v(zero)
wv_drag_enter WV1
wv_drag_to WV1 9 928
wv_drop_on WV1
wv_select_wv_item WV1.PANEL1:1.LEGEND
wv_select_panel WV1.PANEL1:1.LEGEND
wv_waveview_context_menu WV1.PANEL1:1.LEGEND
wv_select_context_menu_item {Delete Panel}
wv_move_dialog Confirmation 2469 507
wv_select_dialog Confirmation
wv_press_button Confirmation.Ok
wv_waveview_context_menu WV1.PANEL1:1.LEGEND
wv_select_context_menu_item {Delete Panel}
wv_move_dialog Confirmation 2469 507
wv_select_dialog Confirmation
wv_press_button Confirmation.Ok
wv_select_list_item MainWindow.sigview i(vdd)
wv_drag_list_item MainWindow.sigview i(vdd)
wv_drag_enter WV1
wv_drop_on WV1
wv_select_toolbar_item {Equation Builder}
wv_select_tab UCD.CalTab 0
wv_select_tab UCD.FTTab 0
wv_select_tab UCD.MSTab 0
wv_move_dialog EquationBuilder 2249 447
wv_select_dialog EquationBuilder
wv_resize_dialog EquationBuilder 627 300
wv_move_dialog EquationBuilder 2249 447
wv_select_table_item EquationBuilder.CalStack 0 1
wv_move_dialog UCD 2340 543
wv_select_dialog UCD
wv_select_dialog EquationBuilder
wv_select_dialog UCD
wv_set_text EquationBuilder.edit {}
wv_select_tab UCD.FTTab 2
wv_horz_scroll UCD.WfmFct 29
wv_select_list_item UCD.WfmFct integral
wv_set_text UCD.Arg1 {i(vdd)}
wv_press_button UCD.OK
wv_select_dialog EquationBuilder
wv_select_dialog EquationBuilder
wv_select_table_item EquationBuilder.CalStack 0 1
wv_move_dialog UCD 2340 543
wv_move_dialog UCD 2227 379
wv_select_dialog UCD
wv_move_dialog UCD 2340 543
wv_select_dialog EquationBuilder
wv_select_dialog UCD
wv_set_text EquationBuilder.edit {}
wv_set_text UCD.Arg1 {i(vdd)}
wv_press_button UCD.Add
wv_select_dialog EquationBuilder
wv_select_dialog UCD
wv_set_text EquationBuilder.edit {integral('i(vdd)')}
wv_press_button UCD.OK
wv_close_dialog EquationBuilder
wv_select_panel WV1.PANEL2:1 2.33026e-08 -5.1328e-12
wv_select_wv_item {WV1.ICON.add cursor}
wv_release_wv_item WV1 111 14
wv_select_wv_item WV1.PANEL2:1.CURSOR1
wv_drag_item_to WV1 925 729
wv_move_wv_item WV1.PANEL2:1.CURSOR1 960 733
wv_select_wv_item WV1.PANEL2:1.CURSOR1
wv_drag_item_to WV1 960 733
wv_move_wv_item WV1.PANEL2:1.CURSOR1 1638 794
wv_close_window CustomWaveView
wv_select_dialog Confirmation
wv_move_dialog Confirmation 2469 507
# wv_press_button Confirmation.Ok
